######## EXCEPTION: 0xC0000005 at address: 0x0047F359: ACCESS VIOLATION  read attempt to address 0x00000001 
1: 04/04/08 14:39:07

1:   0
1:     Mod:  WClust, base: 00400000h
1:     Offset: 0x0047f359
1:     Sym:  type: -nosymbols-, file: c:\Users\samn\Documents\neurosim\spikeclust\wclust_src\WClust.exe

1:   1
1:     Mod:  WClust, base: 00400000h
1:     Offset: 0x00480feb
1:     Sym:  type: -nosymbols-, file: c:\Users\samn\Documents\neurosim\spikeclust\wclust_src\WClust.exe

1:   2
1:     Mod:  WClust, base: 00400000h
1:     Offset: 0x0047da47
1:     Sym:  type: -nosymbols-, file: c:\Users\samn\Documents\neurosim\spikeclust\wclust_src\WClust.exe

1:   3
1:     Mod:  WClust, base: 00400000h
1:     Offset: 0x0047f9a4
1:     Sym:  type: -nosymbols-, file: c:\Users\samn\Documents\neurosim\spikeclust\wclust_src\WClust.exe

1:   4
1:     Mod:  WClust, base: 00400000h
1:     Offset: 0x0047fa34
1:     Sym:  type: -nosymbols-, file: c:\Users\samn\Documents\neurosim\spikeclust\wclust_src\WClust.exe

1:   5     GetMessageW +110 bytes
1:     Decl: GetMessageW
1:     Mod:  USER32, base: 77e20000h

1:   6     GetMessageW +326 bytes
1:     Decl: GetMessageW
1:     Mod:  USER32, base: 77e20000h

1:   7     GetMessageW +609 bytes
1:     Decl: GetMessageW
1:     Mod:  USER32, base: 77e20000h

1:   8     UpdateWindow +97 bytes
1:     Decl: UpdateWindow
1:     Mod:  USER32, base: 77e20000h

1:   9     KiUserCallbackDispatcher +46 bytes
1:     Decl: KiUserCallbackDispatcher
1:     Mod:  ntdll, base: 77c80000h

1:  10
1:     Mod:  WClust, base: 00400000h
1:     Offset: 0x00490a38
1:     Sym:  type: -nosymbols-, file: c:\Users\samn\Documents\neurosim\spikeclust\wclust_src\WClust.exe

1:  11
1:     Mod:  WClust, base: 00400000h
1:     Offset: 0x00492f19
1:     Sym:  type: -nosymbols-, file: c:\Users\samn\Documents\neurosim\spikeclust\wclust_src\WClust.exe

1:  12
1:     Mod:  WClust, base: 00400000h
1:     Offset: 0x00480feb
1:     Sym:  type: -nosymbols-, file: c:\Users\samn\Documents\neurosim\spikeclust\wclust_src\WClust.exe

1:  13
1:     Mod:  WClust, base: 00400000h
1:     Offset: 0x0047da47
1:     Sym:  type: -nosymbols-, file: c:\Users\samn\Documents\neurosim\spikeclust\wclust_src\WClust.exe

1:  14
1:     Mod:  WClust, base: 00400000h
1:     Offset: 0x0047f9a4
1:     Sym:  type: -nosymbols-, file: c:\Users\samn\Documents\neurosim\spikeclust\wclust_src\WClust.exe

1:  15
1:     Mod:  WClust, base: 00400000h
1:     Offset: 0x0047fa34
1:     Sym:  type: -nosymbols-, file: c:\Users\samn\Documents\neurosim\spikeclust\wclust_src\WClust.exe

1:  16     GetMessageW +110 bytes
1:     Decl: GetMessageW
1:     Mod:  USER32, base: 77e20000h

1:  17     GetMessageW +326 bytes
1:     Decl: GetMessageW
1:     Mod:  USER32, base: 77e20000h

1:  18     GetMessageW +609 bytes
1:     Decl: GetMessageW
1:     Mod:  USER32, base: 77e20000h

1:  19     OffsetRect +77 bytes
1:     Decl: OffsetRect
1:     Mod:  USER32, base: 77e20000h

1:  20     KiUserCallbackDispatcher +46 bytes
1:     Decl: KiUserCallbackDispatcher
1:     Mod:  ntdll, base: 77c80000h

1:  21     SendMessageTimeoutW +195 bytes
1:     Decl: SendMessageTimeoutW
1:     Mod:  USER32, base: 77e20000h

1:  22     DefWindowProcA +84 bytes
1:     Decl: DefWindowProcA
1:     Mod:  USER32, base: 77e20000h

1:  23     GetMessageW +110 bytes
1:     Decl: GetMessageW
1:     Mod:  USER32, base: 77e20000h

1:  24     GetMessageW +326 bytes
1:     Decl: GetMessageW
1:     Mod:  USER32, base: 77e20000h

1:  25     CallWindowProcW +117 bytes
1:     Decl: CallWindowProcW
1:     Mod:  USER32, base: 77e20000h

1:  26     CallWindowProcA +27 bytes
1:     Decl: CallWindowProcA
1:     Mod:  USER32, base: 77e20000h

1:  27
1:     Mod:  WClust, base: 00400000h
1:     Offset: 0x0047d7e6
1:     Sym:  type: -nosymbols-, file: c:\Users\samn\Documents\neurosim\spikeclust\wclust_src\WClust.exe

1:  28
1:     Mod:  WClust, base: 00400000h
1:     Offset: 0x0047f144
1:     Sym:  type: -nosymbols-, file: c:\Users\samn\Documents\neurosim\spikeclust\wclust_src\WClust.exe

1:  29
1:     Mod:  WClust, base: 00400000h
1:     Offset: 0x0047da47
1:     Sym:  type: -nosymbols-, file: c:\Users\samn\Documents\neurosim\spikeclust\wclust_src\WClust.exe

1:  30
1:     Mod:  WClust, base: 00400000h
1:     Offset: 0x0047f9a4
1:     Sym:  type: -nosymbols-, file: c:\Users\samn\Documents\neurosim\spikeclust\wclust_src\WClust.exe

1:  31
1:     Mod:  WClust, base: 00400000h
1:     Offset: 0x0047fa34
1:     Sym:  type: -nosymbols-, file: c:\Users\samn\Documents\neurosim\spikeclust\wclust_src\WClust.exe

1:  32     GetMessageW +110 bytes
1:     Decl: GetMessageW
1:     Mod:  USER32, base: 77e20000h

1:  33     GetMessageW +326 bytes
1:     Decl: GetMessageW
1:     Mod:  USER32, base: 77e20000h

1:  34     GetMessageW +609 bytes
1:     Decl: GetMessageW
1:     Mod:  USER32, base: 77e20000h

1:  35     OffsetRect +77 bytes
1:     Decl: OffsetRect
1:     Mod:  USER32, base: 77e20000h

1:  36     KiUserCallbackDispatcher +46 bytes
1:     Decl: KiUserCallbackDispatcher
1:     Mod:  ntdll, base: 77c80000h

1:  37     SendMessageTimeoutW +195 bytes
1:     Decl: SendMessageTimeoutW
1:     Mod:  USER32, base: 77e20000h

1:  38     DefWindowProcA +84 bytes
1:     Decl: DefWindowProcA
1:     Mod:  USER32, base: 77e20000h

1:  39     GetMessageW +110 bytes
1:     Decl: GetMessageW
1:     Mod:  USER32, base: 77e20000h

1:  40     GetMessageW +326 bytes
1:     Decl: GetMessageW
1:     Mod:  USER32, base: 77e20000h

1:  41     CallWindowProcW +117 bytes
1:     Decl: CallWindowProcW
1:     Mod:  USER32, base: 77e20000h

1:  42     CallWindowProcA +27 bytes
1:     Decl: CallWindowProcA
1:     Mod:  USER32, base: 77e20000h

1:  43
1:     Mod:  WClust, base: 00400000h
1:     Offset: 0x0047d7e6
1:     Sym:  type: -nosymbols-, file: c:\Users\samn\Documents\neurosim\spikeclust\wclust_src\WClust.exe

1:  44
1:     Mod:  WClust, base: 00400000h
1:     Offset: 0x0047da5e
1:     Sym:  type: -nosymbols-, file: c:\Users\samn\Documents\neurosim\spikeclust\wclust_src\WClust.exe

1:  45
1:     Mod:  WClust, base: 00400000h
1:     Offset: 0x0047f9a4
1:     Sym:  type: -nosymbols-, file: c:\Users\samn\Documents\neurosim\spikeclust\wclust_src\WClust.exe

1:  46
1:     Mod:  WClust, base: 00400000h
1:     Offset: 0x0047fa34
1:     Sym:  type: -nosymbols-, file: c:\Users\samn\Documents\neurosim\spikeclust\wclust_src\WClust.exe

1:  47     GetMessageW +110 bytes
1:     Decl: GetMessageW
1:     Mod:  USER32, base: 77e20000h

1:  48     GetMessageW +326 bytes
1:     Decl: GetMessageW
1:     Mod:  USER32, base: 77e20000h

1:  49     IsWindow +333 bytes
1:     Decl: IsWindow
1:     Mod:  USER32, base: 77e20000h

1:  50     DispatchMessageA +15 bytes
1:     Decl: DispatchMessageA
1:     Mod:  USER32, base: 77e20000h

1:  51
1:     Mod:  WClust, base: 00400000h
1:     Offset: 0x00483b20
1:     Sym:  type: -nosymbols-, file: c:\Users\samn\Documents\neurosim\spikeclust\wclust_src\WClust.exe


######## EXCEPTION: 0xC0000005 at address: 0x77CE7036: ACCESS VIOLATION  read attempt to address 0x3D3F8FD5 
1: 04/04/08 15:23:37

1:   0     RtlDetermineDosPathNameType_U +1531 bytes
1:     Decl: RtlDetermineDosPathNameType_U
1:     Mod:  ntdll, base: 77c80000h

1:   1     RtlTryEnterCriticalSection +1105 bytes
1:     Decl: RtlTryEnterCriticalSection
1:     Mod:  ntdll, base: 77c80000h

1:   2     RtlTryEnterCriticalSection +827 bytes
1:     Decl: RtlTryEnterCriticalSection
1:     Mod:  ntdll, base: 77c80000h

1:   3     RtlGetIntegerAtom +386 bytes
1:     Decl: RtlGetIntegerAtom
1:     Mod:  ntdll, base: 77c80000h

1:   4     RtlTimeFieldsToTime +1071 bytes
1:     Decl: RtlTimeFieldsToTime
1:     Mod:  ntdll, base: 77c80000h

1:   5     RtlFreeHeap +122 bytes
1:     Decl: RtlFreeHeap
1:     Mod:  ntdll, base: 77c80000h

1:   6     HeapFree +20 bytes
1:     Decl: HeapFree
1:     Mod:  kernel32, base: 76a60000h

1:   7
1:     Mod:  WClust, base: 00400000h
1:     Offset: 0x004658ad
1:     Sym:  type: -nosymbols-, file: c:\Users\samn\Documents\neurosim\spikeclust\wclust_src\WClust.exe

1:   8
1:     Mod:  WClust, base: 00400000h
1:     Offset: 0x004189b2
1:     Sym:  type: -nosymbols-, file: c:\Users\samn\Documents\neurosim\spikeclust\wclust_src\WClust.exe

1:   9
1:     Mod:  WClust, base: 00400000h
1:     Offset: 0x006c6c64
1:     Sym:  type: -nosymbols-, file: c:\Users\samn\Documents\neurosim\spikeclust\wclust_src\WClust.exe

1:  10   SymGetSymFromAddr(): GetLastError = 126
1: SymGetLineFromAddr(): GetLastError = 126
1: SymGetModuleInfo): GetLastError = 126

1:  11   SymGetSymFromAddr(): GetLastError = 126
1: SymGetLineFromAddr(): GetLastError = 126
1: SymGetModuleInfo): GetLastError = 126

1:  12   SymGetSymFromAddr(): GetLastError = 126
1: SymGetLineFromAddr(): GetLastError = 126
1: SymGetModuleInfo): GetLastError = 126


